objc[22880]: Class AXEmojiUtilities is implemented in both /Applications/Xcode.app/Contents/Developer/Platforms/iPhoneSimulator.platform/Developer/SDKs/iPhoneSimulator7.1.sdk/System/Library/PrivateFrameworks/AccessibilityUtilities.framework/AccessibilityUtilities and /Applications/Xcode.app/Contents/Developer/Platforms/iPhoneSimulator.platform/Developer/SDKs/iPhoneSimulator7.1.sdk/usr/lib/libAXSpeechManager.dylib. One of the two will be used. Which one is undefined.
2014-05-28 09:12:40.105 HackathonApp[22880:70b] Cannot find executable for CFBundle 0xc07e8f0 </Applications/Xcode.app/Contents/Developer/Platforms/iPhoneSimulator.platform/Developer/SDKs/iPhoneSimulator7.1.sdk/System/Library/AccessibilityBundles/CertUIFramework.axbundle> (not loaded)
2014-05-28 09:12:40.111 HackathonApp[22880:70b] Cannot find executable for CFBundle 0xc07f7c0 </Applications/Xcode.app/Contents/Developer/Platforms/iPhoneSimulator.platform/Developer/SDKs/iPhoneSimulator7.1.sdk/System/Library/AccessibilityBundles/GeoServices.axbundle> (not loaded)
2014-05-28 09:12:40.170 HackathonApp[22880:70b] Multi-tasking -> Device: YES, App: YES
2014-05-28 09:12:40.175 HackathonApp[22880:70b] Unlimited access to network resources
2014-05-28 09:12:40.309 HackathonApp[22880:70b] Resetting plugins due to page load.
2014-05-28 09:12:40.528 HackathonApp[22880:70b] Finished load of: file:///Users/dineshre/Library/Application%20Support/iPhone%20Simulator/7.1/Applications/7310743C-1DE4-46C9-A795-B2ED710EC9D5/HackathonApp.app/www/index.html
objc[28812]: Class AXEmojiUtilities is implemented in both /Applications/Xcode.app/Contents/Developer/Platforms/iPhoneSimulator.platform/Developer/SDKs/iPhoneSimulator7.1.sdk/System/Library/PrivateFrameworks/AccessibilityUtilities.framework/AccessibilityUtilities and /Applications/Xcode.app/Contents/Developer/Platforms/iPhoneSimulator.platform/Developer/SDKs/iPhoneSimulator7.1.sdk/usr/lib/libAXSpeechManager.dylib. One of the two will be used. Which one is undefined.
2014-05-28 19:34:17.877 HackathonApp[28812:70b] Cannot find executable for CFBundle 0xa36bee0 </Applications/Xcode.app/Contents/Developer/Platforms/iPhoneSimulator.platform/Developer/SDKs/iPhoneSimulator7.1.sdk/System/Library/AccessibilityBundles/GeoServices.axbundle> (not loaded)
2014-05-28 19:34:17.881 HackathonApp[28812:70b] Cannot find executable for CFBundle 0xb958a80 </Applications/Xcode.app/Contents/Developer/Platforms/iPhoneSimulator.platform/Developer/SDKs/iPhoneSimulator7.1.sdk/System/Library/AccessibilityBundles/CertUIFramework.axbundle> (not loaded)
2014-05-28 19:34:17.928 HackathonApp[28812:70b] Multi-tasking -> Device: YES, App: YES
2014-05-28 19:34:17.933 HackathonApp[28812:70b] Unlimited access to network resources
2014-05-28 19:34:18.046 HackathonApp[28812:70b] Resetting plugins due to page load.
2014-05-28 19:34:18.314 HackathonApp[28812:70b] Finished load of: file:///Users/dineshre/Library/Application%20Support/iPhone%20Simulator/7.1/Applications/7310743C-1DE4-46C9-A795-B2ED710EC9D5/HackathonApp.app/www/index.html
objc[28972]: Class AXEmojiUtilities is implemented in both /Applications/Xcode.app/Contents/Developer/Platforms/iPhoneSimulator.platform/Developer/SDKs/iPhoneSimulator7.1.sdk/System/Library/PrivateFrameworks/AccessibilityUtilities.framework/AccessibilityUtilities and /Applications/Xcode.app/Contents/Developer/Platforms/iPhoneSimulator.platform/Developer/SDKs/iPhoneSimulator7.1.sdk/usr/lib/libAXSpeechManager.dylib. One of the two will be used. Which one is undefined.
2014-05-28 19:37:13.479 HackathonApp[28972:70b] Cannot find executable for CFBundle 0xa28fee0 </Applications/Xcode.app/Contents/Developer/Platforms/iPhoneSimulator.platform/Developer/SDKs/iPhoneSimulator7.1.sdk/System/Library/AccessibilityBundles/CertUIFramework.axbundle> (not loaded)
2014-05-28 19:37:13.482 HackathonApp[28972:70b] Cannot find executable for CFBundle 0xa3821f0 </Applications/Xcode.app/Contents/Developer/Platforms/iPhoneSimulator.platform/Developer/SDKs/iPhoneSimulator7.1.sdk/System/Library/AccessibilityBundles/GeoServices.axbundle> (not loaded)
2014-05-28 19:37:13.532 HackathonApp[28972:70b] Multi-tasking -> Device: YES, App: YES
2014-05-28 19:37:13.537 HackathonApp[28972:70b] Unlimited access to network resources
2014-05-28 19:37:13.641 HackathonApp[28972:70b] Resetting plugins due to page load.
2014-05-28 19:37:13.897 HackathonApp[28972:70b] Finished load of: file:///Users/dineshre/Library/Application%20Support/iPhone%20Simulator/7.1/Applications/7310743C-1DE4-46C9-A795-B2ED710EC9D5/HackathonApp.app/www/index.html
objc[29144]: Class AXEmojiUtilities is implemented in both /Applications/Xcode.app/Contents/Developer/Platforms/iPhoneSimulator.platform/Developer/SDKs/iPhoneSimulator7.1.sdk/System/Library/PrivateFrameworks/AccessibilityUtilities.framework/AccessibilityUtilities and /Applications/Xcode.app/Contents/Developer/Platforms/iPhoneSimulator.platform/Developer/SDKs/iPhoneSimulator7.1.sdk/usr/lib/libAXSpeechManager.dylib. One of the two will be used. Which one is undefined.
2014-05-28 19:40:35.671 HackathonApp[29144:70b] Cannot find executable for CFBundle 0xa52a450 </Applications/Xcode.app/Contents/Developer/Platforms/iPhoneSimulator.platform/Developer/SDKs/iPhoneSimulator7.1.sdk/System/Library/AccessibilityBundles/GeoServices.axbundle> (not loaded)
2014-05-28 19:40:35.675 HackathonApp[29144:70b] Cannot find executable for CFBundle 0xa24d020 </Applications/Xcode.app/Contents/Developer/Platforms/iPhoneSimulator.platform/Developer/SDKs/iPhoneSimulator7.1.sdk/System/Library/AccessibilityBundles/CertUIFramework.axbundle> (not loaded)
2014-05-28 19:40:35.693 HackathonApp[29144:70b] Multi-tasking -> Device: YES, App: YES
2014-05-28 19:40:35.698 HackathonApp[29144:70b] Unlimited access to network resources
2014-05-28 19:40:35.746 HackathonApp[29144:70b] Resetting plugins due to page load.
2014-05-28 19:40:35.996 HackathonApp[29144:70b] Finished load of: file:///Users/dineshre/Library/Application%20Support/iPhone%20Simulator/7.1/Applications/7310743C-1DE4-46C9-A795-B2ED710EC9D5/HackathonApp.app/www/index.html
objc[29272]: Class AXEmojiUtilities is implemented in both /Applications/Xcode.app/Contents/Developer/Platforms/iPhoneSimulator.platform/Developer/SDKs/iPhoneSimulator7.1.sdk/System/Library/PrivateFrameworks/AccessibilityUtilities.framework/AccessibilityUtilities and /Applications/Xcode.app/Contents/Developer/Platforms/iPhoneSimulator.platform/Developer/SDKs/iPhoneSimulator7.1.sdk/usr/lib/libAXSpeechManager.dylib. One of the two will be used. Which one is undefined.
2014-05-28 19:40:46.404 HackathonApp[29272:70b] Cannot find executable for CFBundle 0xa7d5830 </Applications/Xcode.app/Contents/Developer/Platforms/iPhoneSimulator.platform/Developer/SDKs/iPhoneSimulator7.1.sdk/System/Library/AccessibilityBundles/GeoServices.axbundle> (not loaded)
2014-05-28 19:40:46.407 HackathonApp[29272:70b] Cannot find executable for CFBundle 0xba99c50 </Applications/Xcode.app/Contents/Developer/Platforms/iPhoneSimulator.platform/Developer/SDKs/iPhoneSimulator7.1.sdk/System/Library/AccessibilityBundles/CertUIFramework.axbundle> (not loaded)
2014-05-28 19:40:46.441 HackathonApp[29272:70b] Multi-tasking -> Device: YES, App: YES
2014-05-28 19:40:46.446 HackathonApp[29272:70b] Unlimited access to network resources
2014-05-28 19:40:46.512 HackathonApp[29272:70b] Resetting plugins due to page load.
2014-05-28 19:40:46.785 HackathonApp[29272:70b] Finished load of: file:///Users/dineshre/Library/Application%20Support/iPhone%20Simulator/7.1/Applications/7310743C-1DE4-46C9-A795-B2ED710EC9D5/HackathonApp.app/www/index.html
objc[29477]: Class AXEmojiUtilities is implemented in both /Applications/Xcode.app/Contents/Developer/Platforms/iPhoneSimulator.platform/Developer/SDKs/iPhoneSimulator7.1.sdk/System/Library/PrivateFrameworks/AccessibilityUtilities.framework/AccessibilityUtilities and /Applications/Xcode.app/Contents/Developer/Platforms/iPhoneSimulator.platform/Developer/SDKs/iPhoneSimulator7.1.sdk/usr/lib/libAXSpeechManager.dylib. One of the two will be used. Which one is undefined.
2014-05-28 19:46:45.605 HackathonApp[29477:70b] Cannot find executable for CFBundle 0xa778240 </Applications/Xcode.app/Contents/Developer/Platforms/iPhoneSimulator.platform/Developer/SDKs/iPhoneSimulator7.1.sdk/System/Library/AccessibilityBundles/GeoServices.axbundle> (not loaded)
2014-05-28 19:46:45.609 HackathonApp[29477:70b] Cannot find executable for CFBundle 0xa46c7f0 </Applications/Xcode.app/Contents/Developer/Platforms/iPhoneSimulator.platform/Developer/SDKs/iPhoneSimulator7.1.sdk/System/Library/AccessibilityBundles/CertUIFramework.axbundle> (not loaded)
2014-05-28 19:46:45.627 HackathonApp[29477:70b] Multi-tasking -> Device: YES, App: YES
2014-05-28 19:46:45.632 HackathonApp[29477:70b] Unlimited access to network resources
2014-05-28 19:46:45.678 HackathonApp[29477:70b] Resetting plugins due to page load.
2014-05-28 19:46:45.929 HackathonApp[29477:70b] Finished load of: file:///Users/dineshre/Library/Application%20Support/iPhone%20Simulator/7.1/Applications/7310743C-1DE4-46C9-A795-B2ED710EC9D5/HackathonApp.app/www/index.html
objc[29611]: Class AXEmojiUtilities is implemented in both /Applications/Xcode.app/Contents/Developer/Platforms/iPhoneSimulator.platform/Developer/SDKs/iPhoneSimulator7.1.sdk/System/Library/PrivateFrameworks/AccessibilityUtilities.framework/AccessibilityUtilities and /Applications/Xcode.app/Contents/Developer/Platforms/iPhoneSimulator.platform/Developer/SDKs/iPhoneSimulator7.1.sdk/usr/lib/libAXSpeechManager.dylib. One of the two will be used. Which one is undefined.
2014-05-28 19:46:59.584 HackathonApp[29611:70b] Cannot find executable for CFBundle 0xa57bfb0 </Applications/Xcode.app/Contents/Developer/Platforms/iPhoneSimulator.platform/Developer/SDKs/iPhoneSimulator7.1.sdk/System/Library/AccessibilityBundles/GeoServices.axbundle> (not loaded)
2014-05-28 19:46:59.588 HackathonApp[29611:70b] Cannot find executable for CFBundle 0xba27120 </Applications/Xcode.app/Contents/Developer/Platforms/iPhoneSimulator.platform/Developer/SDKs/iPhoneSimulator7.1.sdk/System/Library/AccessibilityBundles/CertUIFramework.axbundle> (not loaded)
2014-05-28 19:46:59.621 HackathonApp[29611:70b] Multi-tasking -> Device: YES, App: YES
2014-05-28 19:46:59.626 HackathonApp[29611:70b] Unlimited access to network resources
2014-05-28 19:46:59.695 HackathonApp[29611:70b] Resetting plugins due to page load.
2014-05-28 19:46:59.966 HackathonApp[29611:70b] Finished load of: file:///Users/dineshre/Library/Application%20Support/iPhone%20Simulator/7.1/Applications/7310743C-1DE4-46C9-A795-B2ED710EC9D5/HackathonApp.app/www/index.html
objc[29758]: Class AXEmojiUtilities is implemented in both /Applications/Xcode.app/Contents/Developer/Platforms/iPhoneSimulator.platform/Developer/SDKs/iPhoneSimulator7.1.sdk/System/Library/PrivateFrameworks/AccessibilityUtilities.framework/AccessibilityUtilities and /Applications/Xcode.app/Contents/Developer/Platforms/iPhoneSimulator.platform/Developer/SDKs/iPhoneSimulator7.1.sdk/usr/lib/libAXSpeechManager.dylib. One of the two will be used. Which one is undefined.
2014-05-28 19:47:44.737 HackathonApp[29758:70b] Cannot find executable for CFBundle 0xb9c62c0 </Applications/Xcode.app/Contents/Developer/Platforms/iPhoneSimulator.platform/Developer/SDKs/iPhoneSimulator7.1.sdk/System/Library/AccessibilityBundles/GeoServices.axbundle> (not loaded)
2014-05-28 19:47:44.741 HackathonApp[29758:70b] Cannot find executable for CFBundle 0xb9eef60 </Applications/Xcode.app/Contents/Developer/Platforms/iPhoneSimulator.platform/Developer/SDKs/iPhoneSimulator7.1.sdk/System/Library/AccessibilityBundles/CertUIFramework.axbundle> (not loaded)
2014-05-28 19:47:44.760 HackathonApp[29758:70b] Multi-tasking -> Device: YES, App: YES
2014-05-28 19:47:44.765 HackathonApp[29758:70b] Unlimited access to network resources
2014-05-28 19:47:44.810 HackathonApp[29758:70b] Resetting plugins due to page load.
2014-05-28 19:47:45.065 HackathonApp[29758:70b] Finished load of: file:///Users/dineshre/Library/Application%20Support/iPhone%20Simulator/7.1/Applications/7310743C-1DE4-46C9-A795-B2ED710EC9D5/HackathonApp.app/www/index.html
objc[29951]: Class AXEmojiUtilities is implemented in both /Applications/Xcode.app/Contents/Developer/Platforms/iPhoneSimulator.platform/Developer/SDKs/iPhoneSimulator7.1.sdk/System/Library/PrivateFrameworks/AccessibilityUtilities.framework/AccessibilityUtilities and /Applications/Xcode.app/Contents/Developer/Platforms/iPhoneSimulator.platform/Developer/SDKs/iPhoneSimulator7.1.sdk/usr/lib/libAXSpeechManager.dylib. One of the two will be used. Which one is undefined.
2014-05-28 19:47:58.245 HackathonApp[29951:70b] Cannot find executable for CFBundle 0xa75e6a0 </Applications/Xcode.app/Contents/Developer/Platforms/iPhoneSimulator.platform/Developer/SDKs/iPhoneSimulator7.1.sdk/System/Library/AccessibilityBundles/GeoServices.axbundle> (not loaded)
2014-05-28 19:47:58.249 HackathonApp[29951:70b] Cannot find executable for CFBundle 0xa3311b0 </Applications/Xcode.app/Contents/Developer/Platforms/iPhoneSimulator.platform/Developer/SDKs/iPhoneSimulator7.1.sdk/System/Library/AccessibilityBundles/CertUIFramework.axbundle> (not loaded)
2014-05-28 19:47:58.266 HackathonApp[29951:70b] Multi-tasking -> Device: YES, App: YES
2014-05-28 19:47:58.271 HackathonApp[29951:70b] Unlimited access to network resources
2014-05-28 19:47:58.319 HackathonApp[29951:70b] Resetting plugins due to page load.
2014-05-28 19:47:58.577 HackathonApp[29951:70b] Finished load of: file:///Users/dineshre/Library/Application%20Support/iPhone%20Simulator/7.1/Applications/7310743C-1DE4-46C9-A795-B2ED710EC9D5/HackathonApp.app/www/index.html
objc[30083]: Class AXEmojiUtilities is implemented in both /Applications/Xcode.app/Contents/Developer/Platforms/iPhoneSimulator.platform/Developer/SDKs/iPhoneSimulator7.1.sdk/System/Library/PrivateFrameworks/AccessibilityUtilities.framework/AccessibilityUtilities and /Applications/Xcode.app/Contents/Developer/Platforms/iPhoneSimulator.platform/Developer/SDKs/iPhoneSimulator7.1.sdk/usr/lib/libAXSpeechManager.dylib. One of the two will be used. Which one is undefined.
2014-05-28 19:48:09.935 HackathonApp[30083:70b] Cannot find executable for CFBundle 0xc03ab80 </Applications/Xcode.app/Contents/Developer/Platforms/iPhoneSimulator.platform/Developer/SDKs/iPhoneSimulator7.1.sdk/System/Library/AccessibilityBundles/GeoServices.axbundle> (not loaded)
2014-05-28 19:48:09.939 HackathonApp[30083:70b] Cannot find executable for CFBundle 0xc267b40 </Applications/Xcode.app/Contents/Developer/Platforms/iPhoneSimulator.platform/Developer/SDKs/iPhoneSimulator7.1.sdk/System/Library/AccessibilityBundles/CertUIFramework.axbundle> (not loaded)
2014-05-28 19:48:09.973 HackathonApp[30083:70b] Multi-tasking -> Device: YES, App: YES
2014-05-28 19:48:09.977 HackathonApp[30083:70b] Unlimited access to network resources
2014-05-28 19:48:10.046 HackathonApp[30083:70b] Resetting plugins due to page load.
2014-05-28 19:48:10.306 HackathonApp[30083:70b] Finished load of: file:///Users/dineshre/Library/Application%20Support/iPhone%20Simulator/7.1/Applications/7310743C-1DE4-46C9-A795-B2ED710EC9D5/HackathonApp.app/www/index.html
objc[30227]: Class AXEmojiUtilities is implemented in both /Applications/Xcode.app/Contents/Developer/Platforms/iPhoneSimulator.platform/Developer/SDKs/iPhoneSimulator7.1.sdk/System/Library/PrivateFrameworks/AccessibilityUtilities.framework/AccessibilityUtilities and /Applications/Xcode.app/Contents/Developer/Platforms/iPhoneSimulator.platform/Developer/SDKs/iPhoneSimulator7.1.sdk/usr/lib/libAXSpeechManager.dylib. One of the two will be used. Which one is undefined.
2014-05-28 19:49:05.071 HackathonApp[30227:70b] Cannot find executable for CFBundle 0xa47b6d0 </Applications/Xcode.app/Contents/Developer/Platforms/iPhoneSimulator.platform/Developer/SDKs/iPhoneSimulator7.1.sdk/System/Library/AccessibilityBundles/GeoServices.axbundle> (not loaded)
2014-05-28 19:49:05.075 HackathonApp[30227:70b] Cannot find executable for CFBundle 0xa49d3a0 </Applications/Xcode.app/Contents/Developer/Platforms/iPhoneSimulator.platform/Developer/SDKs/iPhoneSimulator7.1.sdk/System/Library/AccessibilityBundles/CertUIFramework.axbundle> (not loaded)
2014-05-28 19:49:05.094 HackathonApp[30227:70b] Multi-tasking -> Device: YES, App: YES
2014-05-28 19:49:05.099 HackathonApp[30227:70b] Unlimited access to network resources
2014-05-28 19:49:05.145 HackathonApp[30227:70b] Resetting plugins due to page load.
2014-05-28 19:49:05.404 HackathonApp[30227:70b] Finished load of: file:///Users/dineshre/Library/Application%20Support/iPhone%20Simulator/7.1/Applications/7310743C-1DE4-46C9-A795-B2ED710EC9D5/HackathonApp.app/www/index.html
objc[30396]: Class AXEmojiUtilities is implemented in both /Applications/Xcode.app/Contents/Developer/Platforms/iPhoneSimulator.platform/Developer/SDKs/iPhoneSimulator7.1.sdk/System/Library/PrivateFrameworks/AccessibilityUtilities.framework/AccessibilityUtilities and /Applications/Xcode.app/Contents/Developer/Platforms/iPhoneSimulator.platform/Developer/SDKs/iPhoneSimulator7.1.sdk/usr/lib/libAXSpeechManager.dylib. One of the two will be used. Which one is undefined.
2014-05-28 19:51:54.923 HackathonApp[30396:70b] Cannot find executable for CFBundle 0xa488cb0 </Applications/Xcode.app/Contents/Developer/Platforms/iPhoneSimulator.platform/Developer/SDKs/iPhoneSimulator7.1.sdk/System/Library/AccessibilityBundles/GeoServices.axbundle> (not loaded)
2014-05-28 19:51:54.927 HackathonApp[30396:70b] Cannot find executable for CFBundle 0xa2ce6d0 </Applications/Xcode.app/Contents/Developer/Platforms/iPhoneSimulator.platform/Developer/SDKs/iPhoneSimulator7.1.sdk/System/Library/AccessibilityBundles/CertUIFramework.axbundle> (not loaded)
2014-05-28 19:51:54.945 HackathonApp[30396:70b] Multi-tasking -> Device: YES, App: YES
2014-05-28 19:51:54.950 HackathonApp[30396:70b] Unlimited access to network resources
2014-05-28 19:51:54.999 HackathonApp[30396:70b] Resetting plugins due to page load.
2014-05-28 19:51:55.251 HackathonApp[30396:70b] Finished load of: file:///Users/dineshre/Library/Application%20Support/iPhone%20Simulator/7.1/Applications/7310743C-1DE4-46C9-A795-B2ED710EC9D5/HackathonApp.app/www/index.html
objc[30540]: Class AXEmojiUtilities is implemented in both /Applications/Xcode.app/Contents/Developer/Platforms/iPhoneSimulator.platform/Developer/SDKs/iPhoneSimulator7.1.sdk/System/Library/PrivateFrameworks/AccessibilityUtilities.framework/AccessibilityUtilities and /Applications/Xcode.app/Contents/Developer/Platforms/iPhoneSimulator.platform/Developer/SDKs/iPhoneSimulator7.1.sdk/usr/lib/libAXSpeechManager.dylib. One of the two will be used. Which one is undefined.
2014-05-28 19:52:39.561 HackathonApp[30540:70b] Cannot find executable for CFBundle 0xa54a3b0 </Applications/Xcode.app/Contents/Developer/Platforms/iPhoneSimulator.platform/Developer/SDKs/iPhoneSimulator7.1.sdk/System/Library/AccessibilityBundles/CertUIFramework.axbundle> (not loaded)
2014-05-28 19:52:39.564 HackathonApp[30540:70b] Cannot find executable for CFBundle 0xa570150 </Applications/Xcode.app/Contents/Developer/Platforms/iPhoneSimulator.platform/Developer/SDKs/iPhoneSimulator7.1.sdk/System/Library/AccessibilityBundles/GeoServices.axbundle> (not loaded)
2014-05-28 19:52:39.583 HackathonApp[30540:70b] Multi-tasking -> Device: YES, App: YES
2014-05-28 19:52:39.588 HackathonApp[30540:70b] Unlimited access to network resources
2014-05-28 19:52:39.634 HackathonApp[30540:70b] Resetting plugins due to page load.
2014-05-28 19:52:39.885 HackathonApp[30540:70b] Finished load of: file:///Users/dineshre/Library/Application%20Support/iPhone%20Simulator/7.1/Applications/7310743C-1DE4-46C9-A795-B2ED710EC9D5/HackathonApp.app/www/index.html
objc[30750]: Class AXEmojiUtilities is implemented in both /Applications/Xcode.app/Contents/Developer/Platforms/iPhoneSimulator.platform/Developer/SDKs/iPhoneSimulator7.1.sdk/System/Library/PrivateFrameworks/AccessibilityUtilities.framework/AccessibilityUtilities and /Applications/Xcode.app/Contents/Developer/Platforms/iPhoneSimulator.platform/Developer/SDKs/iPhoneSimulator7.1.sdk/usr/lib/libAXSpeechManager.dylib. One of the two will be used. Which one is undefined.
2014-05-28 19:59:03.000 HackathonApp[30750:70b] Cannot find executable for CFBundle 0xbb27a40 </Applications/Xcode.app/Contents/Developer/Platforms/iPhoneSimulator.platform/Developer/SDKs/iPhoneSimulator7.1.sdk/System/Library/AccessibilityBundles/GeoServices.axbundle> (not loaded)
2014-05-28 19:59:03.005 HackathonApp[30750:70b] Cannot find executable for CFBundle 0xbb506c0 </Applications/Xcode.app/Contents/Developer/Platforms/iPhoneSimulator.platform/Developer/SDKs/iPhoneSimulator7.1.sdk/System/Library/AccessibilityBundles/CertUIFramework.axbundle> (not loaded)
2014-05-28 19:59:03.023 HackathonApp[30750:70b] Multi-tasking -> Device: YES, App: YES
2014-05-28 19:59:03.028 HackathonApp[30750:70b] Unlimited access to network resources
2014-05-28 19:59:03.074 HackathonApp[30750:70b] Resetting plugins due to page load.
2014-05-28 19:59:03.338 HackathonApp[30750:70b] Finished load of: file:///Users/dineshre/Library/Application%20Support/iPhone%20Simulator/7.1/Applications/7310743C-1DE4-46C9-A795-B2ED710EC9D5/HackathonApp.app/www/index.html
objc[30956]: Class AXEmojiUtilities is implemented in both /Applications/Xcode.app/Contents/Developer/Platforms/iPhoneSimulator.platform/Developer/SDKs/iPhoneSimulator7.1.sdk/System/Library/PrivateFrameworks/AccessibilityUtilities.framework/AccessibilityUtilities and /Applications/Xcode.app/Contents/Developer/Platforms/iPhoneSimulator.platform/Developer/SDKs/iPhoneSimulator7.1.sdk/usr/lib/libAXSpeechManager.dylib. One of the two will be used. Which one is undefined.
2014-05-28 20:06:03.688 HackathonApp[30956:70b] Cannot find executable for CFBundle 0xc29b0c0 </Applications/Xcode.app/Contents/Developer/Platforms/iPhoneSimulator.platform/Developer/SDKs/iPhoneSimulator7.1.sdk/System/Library/AccessibilityBundles/GeoServices.axbundle> (not loaded)
2014-05-28 20:06:03.692 HackathonApp[30956:70b] Cannot find executable for CFBundle 0xa2a7700 </Applications/Xcode.app/Contents/Developer/Platforms/iPhoneSimulator.platform/Developer/SDKs/iPhoneSimulator7.1.sdk/System/Library/AccessibilityBundles/CertUIFramework.axbundle> (not loaded)
2014-05-28 20:06:03.711 HackathonApp[30956:70b] Multi-tasking -> Device: YES, App: YES
2014-05-28 20:06:03.716 HackathonApp[30956:70b] Unlimited access to network resources
2014-05-28 20:06:03.760 HackathonApp[30956:70b] Resetting plugins due to page load.
2014-05-28 20:06:04.019 HackathonApp[30956:70b] Finished load of: file:///Users/dineshre/Library/Application%20Support/iPhone%20Simulator/7.1/Applications/7310743C-1DE4-46C9-A795-B2ED710EC9D5/HackathonApp.app/www/index.html
objc[31113]: Class AXEmojiUtilities is implemented in both /Applications/Xcode.app/Contents/Developer/Platforms/iPhoneSimulator.platform/Developer/SDKs/iPhoneSimulator7.1.sdk/System/Library/PrivateFrameworks/AccessibilityUtilities.framework/AccessibilityUtilities and /Applications/Xcode.app/Contents/Developer/Platforms/iPhoneSimulator.platform/Developer/SDKs/iPhoneSimulator7.1.sdk/usr/lib/libAXSpeechManager.dylib. One of the two will be used. Which one is undefined.
2014-05-28 20:08:05.842 HackathonApp[31113:70b] Cannot find executable for CFBundle 0xbf263e0 </Applications/Xcode.app/Contents/Developer/Platforms/iPhoneSimulator.platform/Developer/SDKs/iPhoneSimulator7.1.sdk/System/Library/AccessibilityBundles/CertUIFramework.axbundle> (not loaded)
2014-05-28 20:08:05.845 HackathonApp[31113:70b] Cannot find executable for CFBundle 0xa2709c0 </Applications/Xcode.app/Contents/Developer/Platforms/iPhoneSimulator.platform/Developer/SDKs/iPhoneSimulator7.1.sdk/System/Library/AccessibilityBundles/GeoServices.axbundle> (not loaded)
2014-05-28 20:08:05.897 HackathonApp[31113:70b] Multi-tasking -> Device: YES, App: YES
2014-05-28 20:08:05.902 HackathonApp[31113:70b] Unlimited access to network resources
2014-05-28 20:08:06.005 HackathonApp[31113:70b] Resetting plugins due to page load.
2014-05-28 20:08:06.282 HackathonApp[31113:70b] Finished load of: file:///Users/dineshre/Library/Application%20Support/iPhone%20Simulator/7.1/Applications/7310743C-1DE4-46C9-A795-B2ED710EC9D5/HackathonApp.app/www/index.html
objc[31303]: Class AXEmojiUtilities is implemented in both /Applications/Xcode.app/Contents/Developer/Platforms/iPhoneSimulator.platform/Developer/SDKs/iPhoneSimulator7.1.sdk/System/Library/PrivateFrameworks/AccessibilityUtilities.framework/AccessibilityUtilities and /Applications/Xcode.app/Contents/Developer/Platforms/iPhoneSimulator.platform/Developer/SDKs/iPhoneSimulator7.1.sdk/usr/lib/libAXSpeechManager.dylib. One of the two will be used. Which one is undefined.
2014-05-28 20:12:40.929 HackathonApp[31303:70b] Cannot find executable for CFBundle 0xa7344e0 </Applications/Xcode.app/Contents/Developer/Platforms/iPhoneSimulator.platform/Developer/SDKs/iPhoneSimulator7.1.sdk/System/Library/AccessibilityBundles/CertUIFramework.axbundle> (not loaded)
2014-05-28 20:12:40.932 HackathonApp[31303:70b] Cannot find executable for CFBundle 0xbc41050 </Applications/Xcode.app/Contents/Developer/Platforms/iPhoneSimulator.platform/Developer/SDKs/iPhoneSimulator7.1.sdk/System/Library/AccessibilityBundles/GeoServices.axbundle> (not loaded)
2014-05-28 20:12:40.951 HackathonApp[31303:70b] Multi-tasking -> Device: YES, App: YES
2014-05-28 20:12:40.956 HackathonApp[31303:70b] Unlimited access to network resources
2014-05-28 20:12:41.002 HackathonApp[31303:70b] Resetting plugins due to page load.
2014-05-28 20:12:41.250 HackathonApp[31303:70b] Finished load of: file:///Users/dineshre/Library/Application%20Support/iPhone%20Simulator/7.1/Applications/7310743C-1DE4-46C9-A795-B2ED710EC9D5/HackathonApp.app/www/index.html
objc[31462]: Class AXEmojiUtilities is implemented in both /Applications/Xcode.app/Contents/Developer/Platforms/iPhoneSimulator.platform/Developer/SDKs/iPhoneSimulator7.1.sdk/System/Library/PrivateFrameworks/AccessibilityUtilities.framework/AccessibilityUtilities and /Applications/Xcode.app/Contents/Developer/Platforms/iPhoneSimulator.platform/Developer/SDKs/iPhoneSimulator7.1.sdk/usr/lib/libAXSpeechManager.dylib. One of the two will be used. Which one is undefined.
2014-05-28 20:14:17.116 HackathonApp[31462:70b] Cannot find executable for CFBundle 0xa4e7fb0 </Applications/Xcode.app/Contents/Developer/Platforms/iPhoneSimulator.platform/Developer/SDKs/iPhoneSimulator7.1.sdk/System/Library/AccessibilityBundles/GeoServices.axbundle> (not loaded)
2014-05-28 20:14:17.119 HackathonApp[31462:70b] Cannot find executable for CFBundle 0xc0a3270 </Applications/Xcode.app/Contents/Developer/Platforms/iPhoneSimulator.platform/Developer/SDKs/iPhoneSimulator7.1.sdk/System/Library/AccessibilityBundles/CertUIFramework.axbundle> (not loaded)
2014-05-28 20:14:17.137 HackathonApp[31462:70b] Multi-tasking -> Device: YES, App: YES
2014-05-28 20:14:17.142 HackathonApp[31462:70b] Unlimited access to network resources
2014-05-28 20:14:17.187 HackathonApp[31462:70b] Resetting plugins due to page load.
2014-05-28 20:14:17.438 HackathonApp[31462:70b] Finished load of: file:///Users/dineshre/Library/Application%20Support/iPhone%20Simulator/7.1/Applications/7310743C-1DE4-46C9-A795-B2ED710EC9D5/HackathonApp.app/www/index.html
objc[32404]: Class AXEmojiUtilities is implemented in both /Applications/Xcode.app/Contents/Developer/Platforms/iPhoneSimulator.platform/Developer/SDKs/iPhoneSimulator7.1.sdk/System/Library/PrivateFrameworks/AccessibilityUtilities.framework/AccessibilityUtilities and /Applications/Xcode.app/Contents/Developer/Platforms/iPhoneSimulator.platform/Developer/SDKs/iPhoneSimulator7.1.sdk/usr/lib/libAXSpeechManager.dylib. One of the two will be used. Which one is undefined.
2014-05-28 20:21:55.465 HackathonApp[32404:70b] Cannot find executable for CFBundle 0xa2734c0 </Applications/Xcode.app/Contents/Developer/Platforms/iPhoneSimulator.platform/Developer/SDKs/iPhoneSimulator7.1.sdk/System/Library/AccessibilityBundles/CertUIFramework.axbundle> (not loaded)
2014-05-28 20:21:55.468 HackathonApp[32404:70b] Cannot find executable for CFBundle 0xb965840 </Applications/Xcode.app/Contents/Developer/Platforms/iPhoneSimulator.platform/Developer/SDKs/iPhoneSimulator7.1.sdk/System/Library/AccessibilityBundles/GeoServices.axbundle> (not loaded)
2014-05-28 20:21:55.487 HackathonApp[32404:70b] Multi-tasking -> Device: YES, App: YES
2014-05-28 20:21:55.492 HackathonApp[32404:70b] Unlimited access to network resources
2014-05-28 20:21:55.536 HackathonApp[32404:70b] Resetting plugins due to page load.
2014-05-28 20:21:55.835 HackathonApp[32404:70b] Finished load of: file:///Users/dineshre/Library/Application%20Support/iPhone%20Simulator/7.1/Applications/7310743C-1DE4-46C9-A795-B2ED710EC9D5/HackathonApp.app/www/index.html
objc[33435]: Class AXEmojiUtilities is implemented in both /Applications/Xcode.app/Contents/Developer/Platforms/iPhoneSimulator.platform/Developer/SDKs/iPhoneSimulator7.1.sdk/System/Library/PrivateFrameworks/AccessibilityUtilities.framework/AccessibilityUtilities and /Applications/Xcode.app/Contents/Developer/Platforms/iPhoneSimulator.platform/Developer/SDKs/iPhoneSimulator7.1.sdk/usr/lib/libAXSpeechManager.dylib. One of the two will be used. Which one is undefined.
2014-05-28 20:35:50.720 HackathonApp[33435:70b] Cannot find executable for CFBundle 0xf43b570 </Applications/Xcode.app/Contents/Developer/Platforms/iPhoneSimulator.platform/Developer/SDKs/iPhoneSimulator7.1.sdk/System/Library/AccessibilityBundles/GeoServices.axbundle> (not loaded)
2014-05-28 20:35:50.725 HackathonApp[33435:70b] Cannot find executable for CFBundle 0xa636bf0 </Applications/Xcode.app/Contents/Developer/Platforms/iPhoneSimulator.platform/Developer/SDKs/iPhoneSimulator7.1.sdk/System/Library/AccessibilityBundles/CertUIFramework.axbundle> (not loaded)
2014-05-28 20:35:50.749 HackathonApp[33435:70b] Multi-tasking -> Device: YES, App: YES
2014-05-28 20:35:50.754 HackathonApp[33435:70b] Unlimited access to network resources
2014-05-28 20:35:50.799 HackathonApp[33435:70b] Resetting plugins due to page load.
2014-05-28 20:35:51.138 HackathonApp[33435:70b] Finished load of: file:///Users/dineshre/Library/Application%20Support/iPhone%20Simulator/7.1/Applications/7310743C-1DE4-46C9-A795-B2ED710EC9D5/HackathonApp.app/www/index.html
